 [1012/134706:INFO:CONSOLE(45)] "video player started", source: file:///C:/Games/Assetto%20Corsa/launcher/themes/default/video/player.html?video=file%3a%2f%2f%2fC%3a%2fGames%2fAssetto+Corsa%2flauncher%2fthemes%2fdefault%2fvideo%2fintro.ogv&volume=0.5 (45)
[1012/134706:INFO:CONSOLE(63)] "file:///C:/Games/Assetto Corsa/launcher/themes/default/video/intro.ogv", source: file:///C:/Games/Assetto%20Corsa/launcher/themes/default/video/player.html?video=file%3a%2f%2f%2fC%3a%2fGames%2fAssetto+Corsa%2flauncher%2fthemes%2fdefault%2fvideo%2fintro.ogv&volume=0.5 (63)
[1012/134706:INFO:CONSOLE(64)] "0.5", source: file:///C:/Games/Assetto%20Corsa/launcher/themes/default/video/player.html?video=file%3a%2f%2f%2fC%3a%2fGames%2fAssetto+Corsa%2flauncher%2fthemes%2fdefault%2fvideo%2fintro.ogv&volume=0.5 (64)
[1012/134706:INFO:CONSOLE(67)] "Playing file:///C:/Games/Assetto Corsa/launcher/themes/default/video/intro.ogv", source: file:///C:/Games/Assetto%20Corsa/launcher/themes/default/video/player.html?video=file%3a%2f%2f%2fC%3a%2fGames%2fAssetto+Corsa%2flauncher%2fthemes%2fdefault%2fvideo%2fintro.ogv&volume=0.5 (67)
[1012/134707:INFO:CONSOLE(74)] "playing video", source: file:///C:/Games/Assetto%20Corsa/launcher/themes/default/video/player.html?video=file%3a%2f%2f%2fC%3a%2fGames%2fAssetto+Corsa%2flauncher%2fthemes%2fdefault%2fvideo%2fintro.ogv&volume=0.5 (74)
[1012/134715:INFO:CONSOLE(529)] "__ACClasses namespace registered", source: ac://js/__ACClasses.js (529)
[1012/134715:INFO:CONSOLE(0)] "Synchronous XMLHttpRequest on the main thread is deprecated because of its detrimental effects to the end user's experience. For more help, check https://xhr.spec.whatwg.org/.", source:  (0)
[1012/134715:INFO:CONSOLE(337)] "Updated __AC.Cfg", source: ac://js/__AC.js (337)
[1012/134715:INFO:CONSOLE(187)] "tracks: 45 loaded", source: ac://js/__AC.js (187)
[1012/134715:INFO:CONSOLE(188)] "tracks: 11 unique countries defined", source: ac://js/__AC.js (188)
[1012/134715:INFO:CONSOLE(189)] "tracks: 21 unique tags defined", source: ac://js/__AC.js (189)
[1012/134716:INFO:CONSOLE(172)] "cars: 178 loaded", source: ac://js/__AC.js (172)
[1012/134716:INFO:CONSOLE(173)] "cars: 24 unique brands", source: ac://js/__AC.js (173)
[1012/134716:INFO:CONSOLE(174)] "cars: 72 unique tags defined", source: ac://js/__AC.js (174)
[1012/134722:INFO:CONSOLE(267)] "specialevents: 203 loaded", source: ac://js/__AC.js (267)
[1012/134722:INFO:CONSOLE(279)] "replays: 0 loaded", source: ac://js/__AC.js (279)
[1012/134722:INFO:CONSOLE(69)] "__AC namespace registered", source: ac://js/__AC.js (69)
[1012/134722:INFO:CONSOLE(83)] "__ACUI namespace registered", source: ac://js/__ACUI.js (83)
[1012/134722:INFO:CONSOLE(121)] "ACLocalization init", source: ac://theme/default/js/ac.localization.js (121)
[1012/134722:INFO:CONSOLE(12)] "Loading up UI.js", source: ac://theme/default/js/ui.js (12)
[1012/134722:INFO:CONSOLE(15)] "Step 2", source: ac://theme/default/js/ui.js (15)
[1012/134722:INFO:CONSOLE(309)] "Step 3: init", source: ac://theme/default/js/ui.js (309)
[1012/134722:INFO:CONSOLE(311)] "Step 4: init", source: ac://theme/default/js/ui.js (311)
[1012/134722:INFO:CONSOLE(313)] "Step 5: init", source: ac://theme/default/js/ui.js (313)
[1012/134722:INFO:CONSOLE(340)] "zoom >> ", source: ac://theme/default/js/ui.js (340)
[1012/134722:INFO:CONSOLE(4064)] "Cars grids populated. Errors encountered: 0", source: ac://theme/default/js/ui.js (4064)
[1012/134722:INFO:CONSOLE(4120)] "Tracks loaded and grids populated. Errors encountered: 0", source: ac://theme/default/js/ui.js (4120)
[1012/134722:INFO:CONSOLE(4308)] ">>> init track set magione", source: ac://theme/default/js/ui.js (4308)
[1012/134722:INFO:CONSOLE(4343)] "Couldn't find skin 'racing_green_stripe' of car 'lotus_elise_sc'.", source: ac://theme/default/js/ui.js (4343)
[1012/134722:INFO:CONSOLE(440)] ">>> Summary redraw: car", source: ac://theme/default/js/ui.js (440)
[1012/134722:INFO:CONSOLE(3115)] "Widgets refreshed ", source: ac://theme/default/js/ui.js (3115)
[1012/134722:INFO:CONSOLE(3189)] "Could not run filter on timeofday", source: ac://theme/default/js/ui.js (3189)
[1012/134722:INFO:CONSOLE(3189)] "Could not run filter on weather", source: ac://theme/default/js/ui.js (3189)
[1012/134722:INFO:CONSOLE(3189)] "Could not run filter on temperature", source: ac://theme/default/js/ui.js (3189)
[1012/134722:INFO:CONSOLE(3189)] "Could not run filter on dynamictrack", source: ac://theme/default/js/ui.js (3189)
[1012/134722:INFO:CONSOLE(2900)] "setting race laps to: 5", source: ac://theme/default/js/ui.js (2900)
[1012/134722:INFO:CONSOLE(3189)] "Could not run filter on gforcex", source: ac://theme/default/js/ui.js (3189)
[1012/134722:INFO:CONSOLE(3189)] "Could not run filter on gforcey", source: ac://theme/default/js/ui.js (3189)
[1012/134722:INFO:CONSOLE(2999)] "cubemaps", source: ac://theme/default/js/ui.js (2999)
[1012/134722:INFO:CONSOLE(3189)] "Could not run filter on slidercubemap", source: ac://theme/default/js/ui.js (3189)
[1012/134722:INFO:CONSOLE(3010)] "Window limit changed to 5", source: ac://theme/default/js/ui.js (3010)
[1012/134722:INFO:CONSOLE(3115)] "Widgets refreshed ", source: ac://theme/default/js/ui.js (3115)
[1012/134722:INFO:CONSOLE(2926)] "0.125", source: ac://theme/default/js/ui.js (2926)
[1012/134722:INFO:CONSOLE(3115)] "Widgets refreshed ", source: ac://theme/default/js/ui.js (3115)
[1012/134722:INFO:CONSOLE(440)] ">>> Summary redraw: track", source: ac://theme/default/js/ui.js (440)
[1012/134722:INFO:CONSOLE(362)] "Loading modules", source: ac://theme/default/js/ui.js (362)
[1012/134722:INFO:CONSOLE(73)] "loadModule Stats", source: ac://js/__AC.js (73)
[1012/134722:INFO:CONSOLE(33)] ">>> UIStats init", source:  (33)
[1012/134722:INFO:CONSOLE(73)] "loadModule Profile", source: ac://js/__AC.js (73)
[1012/134722:INFO:CONSOLE(70)] ">>> UIProfile init", source:  (70)
[1012/134722:INFO:CONSOLE(2032)] ">>> UIProfile changed", source: ac://theme/default/js/ui.js (2032)
[1012/134723:INFO:CONSOLE(73)] "loadModule PbManager", source: ac://js/__AC.js (73)
[1012/134723:INFO:CONSOLE(43)] ">>> UIPbManager init", source:  (43)
[1012/134723:INFO:CONSOLE(73)] "loadModule Randomizer", source: ac://js/__AC.js (73)
[1012/134723:INFO:CONSOLE(10)] ">>> UIRandomizer init", source:  (10)
[1012/134723:INFO:CONSOLE(73)] "loadModule VideoHandler", source: ac://js/__AC.js (73)
[1012/134723:INFO:CONSOLE(19)] ">>> UIModule init", source:  (19)
[1012/134723:INFO:CONSOLE(114)] "Module UIVideoHandler returned ID:VideoHandler", source: ac://js/__AC.js (114)
[1012/134723:INFO:CONSOLE(73)] "loadModule Career2", source: ac://js/__AC.js (73)
[1012/134723:INFO:CONSOLE(3115)] "Widgets refreshed ", source: ac://theme/default/js/ui.js (3115)
[1012/134723:INFO:CONSOLE(154)] "UICareer2.loadData", source:  (154)
[1012/134723:INFO:CONSOLE(140)] ">>> UICareer2 init #wrapper", source:  (140)
[1012/134723:INFO:CONSOLE(114)] "Module UICareer2 returned ID:UICareer2", source: ac://js/__AC.js (114)
[1012/134723:INFO:CONSOLE(73)] "loadModule Champs", source: ac://js/__AC.js (73)
[1012/134723:INFO:CONSOLE(47)] "Career reloading language:", source:  (47)
[1012/134723:INFO:CONSOLE(3115)] "Widgets refreshed ", source: ac://theme/default/js/ui.js (3115)
[1012/134723:INFO:CONSOLE(1585)] "Playerdata CHAMPS undefined", source:  (1585)
[1012/134723:INFO:CONSOLE(1294)] "Champs AI Level: 98", source:  (1294)
[1012/134723:INFO:CONSOLE(1308)] "Champs AI variation: 0", source:  (1308)
[1012/134723:INFO:CONSOLE(1301)] "Champs AI Aggression: 0", source:  (1301)
[1012/134723:INFO:CONSOLE(51)] ">>> UIChamps init", source:  (51)
[1012/134723:INFO:CONSOLE(73)] "loadModule Online", source: ac://js/__AC.js (73)
[1012/134723:INFO:CONSOLE(47)] "Career reloading language:", source:  (47)
[1012/134723:INFO:CONSOLE(3115)] "Widgets refreshed ", source: ac://theme/default/js/ui.js (3115)
[1012/134723:INFO:CONSOLE(56)] ">>> UIOnline init", source:  (56)
[1012/134723:INFO:CONSOLE(73)] "loadModule Replay", source: ac://js/__AC.js (73)
[1012/134723:INFO:CONSOLE(47)] "Career reloading language:", source:  (47)
[1012/134723:INFO:CONSOLE(21)] ">>> UIReplay init", source:  (21)
[1012/134723:INFO:CONSOLE(73)] "loadModule Results", source: ac://js/__AC.js (73)
[1012/134723:INFO:CONSOLE(47)] "Career reloading language:", source:  (47)
[1012/134723:INFO:CONSOLE(628)] "UIResults refreshing", source:  (628)
[1012/134723:INFO:CONSOLE(631)] ">>> UIResults no data", source:  (631)
[1012/134723:INFO:CONSOLE(687)] ">>> UIResults, invalid: true populateresult:false", source:  (687)
[1012/134723:INFO:CONSOLE(693)] "Invalid results", source:  (693)
[1012/134723:INFO:CONSOLE(28)] ">>> UIResults init", source:  (28)
[1012/134723:INFO:CONSOLE(73)] "loadModule SpecialEvents", source: ac://js/__AC.js (73)
[1012/134723:INFO:CONSOLE(47)] "Career reloading language:", source:  (47)
[1012/134733:INFO:CONSOLE(28)] "ERROR > syncing steam achievements", source:  (28)
[1012/134733:INFO:CONSOLE(71)] ">>> UISpecialEvents init", source:  (71)
[1012/134733:INFO:CONSOLE(73)] "loadModule ModuleManager", source: ac://js/__AC.js (73)
[1012/134733:INFO:CONSOLE(47)] "Career reloading language:", source:  (47)
[1012/134733:INFO:CONSOLE(48)] "Special Events reloading language:", source:  (48)
[1012/134733:INFO:CONSOLE(26)] ">>> UIModuleManager init", source:  (26)
[1012/134733:INFO:CONSOLE(73)] "loadModule Help", source: ac://js/__AC.js (73)
[1012/134733:INFO:CONSOLE(47)] "Career reloading language:", source:  (47)
[1012/134733:INFO:CONSOLE(48)] "Special Events reloading language:", source:  (48)
[1012/134733:INFO:CONSOLE(26)] ">>> UIHelp init", source:  (26)
[1012/134733:INFO:CONSOLE(27)] ">>> UIHelp path: modules/help", source:  (27)
[1012/134733:INFO:CONSOLE(393)] "Loading modules complete", source: ac://theme/default/js/ui.js (393)
[1012/134733:INFO:CONSOLE(47)] "Career reloading language:", source:  (47)
[1012/134733:INFO:CONSOLE(48)] "Special Events reloading language:", source:  (48)
[1012/134734:INFO:CONSOLE(61)] "Setting up localization UI", source: ac://theme/default/js/ac.localization.js (61)
[1012/134734:INFO:CONSOLE(440)] ">>> Summary redraw: car", source: ac://theme/default/js/ui.js (440)
[1012/134734:INFO:CONSOLE(3851)] ">>> load opponents", source: ac://theme/default/js/ui.js (3851)
[1012/134734:INFO:CONSOLE(129)] ">>> UIPbManager - UI ready", source:  (129)
[1012/134734:INFO:CONSOLE(5253)] ">>> UI init", source: ac://theme/default/js/ui.js (5253)
[1012/134734:INFO:CONSOLE(2235)] "window blurred", source: ac://theme/default/js/ui.js (2235)
[1012/134734:INFO:CONSOLE(47)] "Career reloading language:", source:  (47)
[1012/134734:INFO:CONSOLE(48)] "Special Events reloading language:", source:  (48)
[1012/134734:INFO:CONSOLE(161)] "Career data loaded", source:  (161)
[1012/134734:INFO:CONSOLE(67)] "Career: new career started", source:  (67)
[1012/134734:INFO:CONSOLE(457)] "UICareer2.populate", source:  (457)
[1012/134734:INFO:CONSOLE(3463)] "Set default videomode to 1920,1080", source: ac://theme/default/js/ui.js (3463)
[1012/134734:INFO:CONSOLE(3482)] "Video resolution 1920,1080 (18)", source: ac://theme/default/js/ui.js (3482)
[1012/134734:INFO:CONSOLE(50)] ">>> UIStats upgrading db", source:  (50)
[1012/134734:INFO:CONSOLE(358)] ">>> Stats init db", source: ac://js/__ACClasses.js (358)
[1012/134734:INFO:CONSOLE(190)] ">>> UIPbManager", source:  (190)
[1012/134734:INFO:CONSOLE(122)] "No pb .ini found", source:  (122)
[1012/134758:INFO:CONSOLE(1381)] ">>> Intro Event", source: ac://theme/default/js/ui.js (1381)
[1012/134800:INFO:CONSOLE(2225)] "window focused", source: ac://theme/default/js/ui.js (2225)
[1012/134803:INFO:CONSOLE(2235)] "window blurred", source: ac://theme/default/js/ui.js (2235)
[1012/134804:INFO:CONSOLE(1386)] "AC active", source: ac://theme/default/js/ui.js (1386)
[1012/135010:INFO:CONSOLE(2225)] "window focused", source: ac://theme/default/js/ui.js (2225)
[1012/135015:INFO:CONSOLE(2235)] "window blurred", source: ac://theme/default/js/ui.js (2235)
[1012/135112:INFO:CONSOLE(2225)] "window focused", source: ac://theme/default/js/ui.js (2225)
[1012/135113:INFO:CONSOLE(1400)] "AC stopped", source: ac://theme/default/js/ui.js (1400)
[1012/135113:INFO:CONSOLE(279)] "replays: 0 loaded", source: ac://js/__AC.js (279)
[1012/135113:INFO:CONSOLE(2235)] "window blurred", source: ac://theme/default/js/ui.js (2235)
[1012/135121:INFO:CONSOLE(2225)] "window focused", source: ac://theme/default/js/ui.js (2225)
[1012/135230:INFO:CONSOLE(1443)] "ACControlsEvent: Visible, true", source: ac://theme/default/js/ui.js (1443)
[1012/135236:INFO:CONSOLE(2235)] "window blurred", source: ac://theme/default/js/ui.js (2235)
[1012/135435:INFO:CONSOLE(1443)] "ACControlsEvent: Visible, false", source: ac://theme/default/js/ui.js (1443)
[1012/135435:INFO:CONSOLE(1458)] "Applying assists", source: ac://theme/default/js/ui.js (1458)
[1012/135439:INFO:CONSOLE(2225)] "window focused", source: ac://theme/default/js/ui.js (2225)
[1012/135440:INFO:CONSOLE(28)] "UIVideoHandler: playing file:///C:/Games/Assetto%20Corsa/content/career/start.ogv", source:  (28)
[1012/135440:INFO:CONSOLE(1404)] "UICareer2: showing", source:  (1404)
[1012/135507:INFO:CONSOLE(3741)] ">>> changepage ", source: ac://theme/default/js/ui.js (3741)
[1012/135510:INFO:CONSOLE(628)] "UIResults refreshing", source:  (628)
[1012/135510:INFO:CONSOLE(645)] "UIResults populateresult: false", source:  (645)
[1012/135510:INFO:CONSOLE(666)] ">>> UIResults Registered last event: 1697118671808", source:  (666)
[1012/135510:INFO:CONSOLE(1578)] "Displaying results", source: ac://theme/default/js/ui.js (1578)
[1012/135510:INFO:CONSOLE(687)] ">>> UIResults, invalid: true populateresult:false", source:  (687)
[1012/135510:INFO:CONSOLE(693)] "Invalid results", source:  (693)
[1012/135510:INFO:CONSOLE(1374)] "UICareer2: hiding", source:  (1374)
[1012/135510:INFO:CONSOLE(3115)] "Widgets refreshed ", source: ac://theme/default/js/ui.js (3115)
[1012/135510:INFO:CONSOLE(2926)] "0.125", source: ac://theme/default/js/ui.js (2926)
[1012/135510:INFO:CONSOLE(2926)] "0.125", source: ac://theme/default/js/ui.js (2926)
[1012/135510:INFO:CONSOLE(2926)] "0.125", source: ac://theme/default/js/ui.js (2926)
[1012/135510:INFO:CONSOLE(2900)] "setting race laps to: 5", source: ac://theme/default/js/ui.js (2900)
[1012/135512:INFO:CONSOLE(1404)] "UICareer2: showing", source:  (1404)
[1012/135514:INFO:CONSOLE(628)] "UIResults refreshing", source:  (628)
[1012/135514:INFO:CONSOLE(645)] "UIResults populateresult: false", source:  (645)
[1012/135514:INFO:CONSOLE(687)] ">>> UIResults, invalid: true populateresult:false", source:  (687)
[1012/135514:INFO:CONSOLE(693)] "Invalid results", source:  (693)
[1012/135514:INFO:CONSOLE(1374)] "UICareer2: hiding", source:  (1374)
[1012/135514:INFO:CONSOLE(3115)] "Widgets refreshed ", source: ac://theme/default/js/ui.js (3115)
[1012/135514:INFO:CONSOLE(2926)] "0.125", source: ac://theme/default/js/ui.js (2926)
[1012/135514:INFO:CONSOLE(2926)] "0.125", source: ac://theme/default/js/ui.js (2926)
[1012/135514:INFO:CONSOLE(2926)] "0.125", source: ac://theme/default/js/ui.js (2926)
[1012/135514:INFO:CONSOLE(2900)] "setting race laps to: 5", source: ac://theme/default/js/ui.js (2900)
[1012/135514:INFO:CONSOLE(573)] "restoring previous session: timeattack", source: ac://theme/default/js/ui.js (573)
[1012/135514:INFO:CONSOLE(4604)] "setting session type to: timeattack", source: ac://theme/default/js/ui.js (4604)
[1012/135514:INFO:CONSOLE(3115)] "Widgets refreshed ", source: ac://theme/default/js/ui.js (3115)
[1012/135515:INFO:CONSOLE(440)] ">>> Summary redraw: opponents", source: ac://theme/default/js/ui.js (440)
[1012/135515:INFO:CONSOLE(1724)] "clicked filter tracks", source: ac://theme/default/js/ui.js (1724)
[1012/135515:INFO:CONSOLE(1831)] "track tag selected: all", source: ac://theme/default/js/ui.js (1831)
[1012/135515:INFO:CONSOLE(3115)] "Widgets refreshed ", source: ac://theme/default/js/ui.js (3115)
[1012/135521:INFO:CONSOLE(4429)] "No tracks filtered", source: ac://theme/default/js/ui.js (4429)
[1012/135521:INFO:CONSOLE(3115)] "Widgets refreshed ", source: ac://theme/default/js/ui.js (3115)
[1012/135521:INFO:CONSOLE(3115)] "Widgets refreshed ", source: ac://theme/default/js/ui.js (3115)
[1012/135521:INFO:CONSOLE(440)] ">>> Summary redraw: opponents", source: ac://theme/default/js/ui.js (440)
[1012/135521:INFO:CONSOLE(1724)] "clicked filter tracks", source: ac://theme/default/js/ui.js (1724)
[1012/135521:INFO:CONSOLE(1831)] "track tag selected: all", source: ac://theme/default/js/ui.js (1831)
[1012/135521:INFO:CONSOLE(3115)] "Widgets refreshed ", source: ac://theme/default/js/ui.js (3115)
[1012/135523:INFO:CONSOLE(110)] "[object Object]", source:  (110)
[1012/135523:INFO:CONSOLE(362)] "UIOnline >>> sorting by:", source:  (362)
[1012/135534:INFO:CONSOLE(992)] "0", source:  (992)
[1012/135539:INFO:CONSOLE(4604)] "setting session type to: practice", source: ac://theme/default/js/ui.js (4604)
[1012/135539:INFO:CONSOLE(4429)] "No tracks filtered", source: ac://theme/default/js/ui.js (4429)
[1012/135539:INFO:CONSOLE(3115)] "Widgets refreshed ", source: ac://theme/default/js/ui.js (3115)
[1012/135539:INFO:CONSOLE(3115)] "Widgets refreshed ", source: ac://theme/default/js/ui.js (3115)
[1012/135539:INFO:CONSOLE(440)] ">>> Summary redraw: opponents", source: ac://theme/default/js/ui.js (440)
[1012/135539:INFO:CONSOLE(1724)] "clicked filter tracks", source: ac://theme/default/js/ui.js (1724)
[1012/135539:INFO:CONSOLE(1831)] "track tag selected: all", source: ac://theme/default/js/ui.js (1831)
[1012/135539:INFO:CONSOLE(3115)] "Widgets refreshed ", source: ac://theme/default/js/ui.js (3115)
[1012/135546:INFO:CONSOLE(1724)] "clicked filter brands", source: ac://theme/default/js/ui.js (1724)
[1012/135546:INFO:CONSOLE(1782)] "brand selected: McLaren", source: ac://theme/default/js/ui.js (1782)
[1012/135603:INFO:CONSOLE(1639)] "keyup", source: ac://theme/default/js/ui.js (1639)
[1012/135604:INFO:CONSOLE(1639)] "keyup", source: ac://theme/default/js/ui.js (1639)
[1012/135604:INFO:CONSOLE(1639)] "keyup", source: ac://theme/default/js/ui.js (1639)
[1012/135613:INFO:CONSOLE(1724)] "clicked filter brands", source: ac://theme/default/js/ui.js (1724)
[1012/135613:INFO:CONSOLE(1782)] "brand selected: McLaren", source: ac://theme/default/js/ui.js (1782)
[1012/135616:INFO:CONSOLE(1639)] "keyup", source: ac://theme/default/js/ui.js (1639)
[1012/135616:INFO:CONSOLE(1639)] "keyup", source: ac://theme/default/js/ui.js (1639)
[1012/135617:INFO:CONSOLE(1639)] "keyup", source: ac://theme/default/js/ui.js (1639)
[1012/135618:INFO:CONSOLE(1639)] "keyup", source: ac://theme/default/js/ui.js (1639)
[1012/135618:INFO:CONSOLE(1639)] "keyup", source: ac://theme/default/js/ui.js (1639)
[1012/135619:INFO:CONSOLE(1639)] "keyup", source: ac://theme/default/js/ui.js (1639)
[1012/135637:INFO:CONSOLE(440)] ">>> Summary redraw: car", source: ac://theme/default/js/ui.js (440)
[1012/135637:INFO:CONSOLE(440)] ">>> Summary redraw: car", source: ac://theme/default/js/ui.js (440)
[1012/135638:INFO:CONSOLE(88)] "Combo change - PB loading for:ks_mclaren_650_gt3 @ magione", source:  (88)
[1012/135654:INFO:CONSOLE(440)] ">>> Summary redraw: track", source: ac://theme/default/js/ui.js (440)
[1012/135655:INFO:CONSOLE(88)] "Combo change - PB loading for:ks_mclaren_650_gt3 @ monza", source:  (88)
[1012/135705:INFO:CONSOLE(2926)] "0.29166666666666663", source: ac://theme/default/js/ui.js (2926)
[1012/135717:INFO:CONSOLE(2926)] "0.29166666666666663", source: ac://theme/default/js/ui.js (2926)
[1012/135745:INFO:CONSOLE(3115)] "Widgets refreshed ", source: ac://theme/default/js/ui.js (3115)
[1012/135745:INFO:CONSOLE(2114)] "assists set to: custom", source: ac://theme/default/js/ui.js (2114)
[1012/135826:INFO:CONSOLE(3115)] "Widgets refreshed ", source: ac://theme/default/js/ui.js (3115)
[1012/135826:INFO:CONSOLE(2114)] "assists set to: custom", source: ac://theme/default/js/ui.js (2114)
[1012/135828:INFO:CONSOLE(3115)] "Widgets refreshed ", source: ac://theme/default/js/ui.js (3115)
[1012/135828:INFO:CONSOLE(2114)] "assists set to: custom", source: ac://theme/default/js/ui.js (2114)
[1012/135904:INFO:CONSOLE(3115)] "Widgets refreshed ", source: ac://theme/default/js/ui.js (3115)
[1012/135904:INFO:CONSOLE(2089)] "assists set to: gamer", source: ac://theme/default/js/ui.js (2089)
[1012/135906:INFO:CONSOLE(3115)] "Widgets refreshed ", source: ac://theme/default/js/ui.js (3115)
[1012/135906:INFO:CONSOLE(2114)] "assists set to: custom", source: ac://theme/default/js/ui.js (2114)
[1012/135938:INFO:CONSOLE(810)] "startrace clicked", source: ac://theme/default/js/ui.js (810)
[1012/135938:INFO:CONSOLE(812)] "video mode validation required", source: ac://theme/default/js/ui.js (812)
[1012/140002:INFO:CONSOLE(2235)] "window blurred", source: ac://theme/default/js/ui.js (2235)
[1012/140002:INFO:CONSOLE(1386)] "AC active", source: ac://theme/default/js/ui.js (1386)
[1012/140045:INFO:CONSOLE(1400)] "AC stopped", source: ac://theme/default/js/ui.js (1400)
[1012/140045:INFO:CONSOLE(279)] "replays: 0 loaded", source: ac://js/__AC.js (279)
[1012/140048:INFO:CONSOLE(2225)] "window focused", source: ac://theme/default/js/ui.js (2225)
[1012/140050:INFO:CONSOLE(2235)] "window blurred", source: ac://theme/default/js/ui.js (2235)
[1012/140051:INFO:CONSOLE(2225)] "window focused", source: ac://theme/default/js/ui.js (2225)
[1012/140103:INFO:CONSOLE(2235)] "window blurred", source: ac://theme/default/js/ui.js (2235)
[1012/140103:INFO:CONSOLE(1386)] "AC active", source: ac://theme/default/js/ui.js (1386)
[1012/140402:INFO:CONSOLE(1400)] "AC stopped", source: ac://theme/default/js/ui.js (1400)
[1012/140403:INFO:CONSOLE(279)] "replays: 0 loaded", source: ac://js/__AC.js (279)
[1012/140405:INFO:CONSOLE(2225)] "window focused", source: ac://theme/default/js/ui.js (2225)
[1012/140408:INFO:CONSOLE(2235)] "window blurred", source: ac://theme/default/js/ui.js (2235)
[1012/140409:INFO:CONSOLE(1386)] "AC active", source: ac://theme/default/js/ui.js (1386)
[1012/140450:INFO:CONSOLE(1400)] "AC stopped", source: ac://theme/default/js/ui.js (1400)
[1012/140450:INFO:CONSOLE(279)] "replays: 0 loaded", source: ac://js/__AC.js (279)
[1012/140454:INFO:CONSOLE(2225)] "window focused", source: ac://theme/default/js/ui.js (2225)
[1012/140454:INFO:CONSOLE(1443)] "ACControlsEvent: Visible, true", source: ac://theme/default/js/ui.js (1443)
[1012/140455:INFO:CONSOLE(2235)] "window blurred", source: ac://theme/default/js/ui.js (2235)
[1012/140656:INFO:CONSOLE(1443)] "ACControlsEvent: Visible, false", source: ac://theme/default/js/ui.js (1443)
[1012/140657:INFO:CONSOLE(1458)] "Applying assists", source: ac://theme/default/js/ui.js (1458)
[1012/140657:INFO:CONSOLE(3115)] "Widgets refreshed ", source: ac://theme/default/js/ui.js (3115)
[1012/140658:INFO:CONSOLE(2225)] "window focused", source: ac://theme/default/js/ui.js (2225)
[1012/140658:INFO:CONSOLE(573)] "restoring previous session: practice", source: ac://theme/default/js/ui.js (573)
[1012/140658:INFO:CONSOLE(4604)] "setting session type to: practice", source: ac://theme/default/js/ui.js (4604)
[1012/140658:INFO:CONSOLE(4429)] "No tracks filtered", source: ac://theme/default/js/ui.js (4429)
[1012/140658:INFO:CONSOLE(3115)] "Widgets refreshed ", source: ac://theme/default/js/ui.js (3115)
[1012/140658:INFO:CONSOLE(3115)] "Widgets refreshed ", source: ac://theme/default/js/ui.js (3115)
[1012/140658:INFO:CONSOLE(440)] ">>> Summary redraw: opponents", source: ac://theme/default/js/ui.js (440)
[1012/140658:INFO:CONSOLE(1724)] "clicked filter tracks", source: ac://theme/default/js/ui.js (1724)
[1012/140658:INFO:CONSOLE(1831)] "track tag selected: all", source: ac://theme/default/js/ui.js (1831)
[1012/140658:INFO:CONSOLE(3115)] "Widgets refreshed ", source: ac://theme/default/js/ui.js (3115)
[1012/140701:INFO:CONSOLE(810)] "startrace clicked", source: ac://theme/default/js/ui.js (810)
[1012/140703:INFO:CONSOLE(1220)] "s:ac://start/?timelimit=0&model=ks_mclaren_650_gt3&track=monza&skin=00_racing_59", source: ac://theme/default/js/ui.js (1220)
[1012/140703:INFO:CONSOLE(2235)] "window blurred", source: ac://theme/default/js/ui.js (2235)
[1012/140704:INFO:CONSOLE(1386)] "AC active", source: ac://theme/default/js/ui.js (1386)
[1012/140740:INFO:CONSOLE(2225)] "window focused", source: ac://theme/default/js/ui.js (2225)
[1012/140806:INFO:CONSOLE(2235)] "window blurred", source: ac://theme/default/js/ui.js (2235)
[1012/141013:INFO:CONSOLE(2225)] "window focused", source: ac://theme/default/js/ui.js (2225)
[1012/141017:INFO:CONSOLE(2235)] "window blurred", source: ac://theme/default/js/ui.js (2235)
[1012/141223:INFO:CONSOLE(2225)] "window focused", source: ac://theme/default/js/ui.js (2225)
[1012/141225:INFO:CONSOLE(2235)] "window blurred", source: ac://theme/default/js/ui.js (2235)
[1012/141234:INFO:CONSOLE(1400)] "AC stopped", source: ac://theme/default/js/ui.js (1400)
[1012/141234:INFO:CONSOLE(4386)] "Returned from session", source: ac://theme/default/js/ui.js (4386)
[1012/141234:INFO:CONSOLE(3115)] "Widgets refreshed ", source: ac://theme/default/js/ui.js (3115)
[1012/141234:INFO:CONSOLE(628)] "UIResults refreshing", source:  (628)
[1012/141234:INFO:CONSOLE(645)] "UIResults populateresult: false", source:  (645)
[1012/141234:INFO:CONSOLE(666)] ">>> UIResults Registered last event: 1697119489269", source:  (666)
[1012/141234:INFO:CONSOLE(1578)] "Displaying results", source: ac://theme/default/js/ui.js (1578)
[1012/141234:INFO:CONSOLE(687)] ">>> UIResults, invalid: true populateresult:false", source:  (687)
[1012/141234:INFO:CONSOLE(693)] "Invalid results", source:  (693)
[1012/141234:INFO:CONSOLE(279)] "replays: 0 loaded", source: ac://js/__AC.js (279)
[1012/141237:INFO:CONSOLE(2225)] "window focused", source: ac://theme/default/js/ui.js (2225)
[1012/141239:INFO:CONSOLE(2235)] "window blurred", source: ac://theme/default/js/ui.js (2235)
[1012/141243:INFO:CONSOLE(2225)] "window focused", source: ac://theme/default/js/ui.js (2225)
[1012/141243:INFO:CONSOLE(810)] "startrace clicked", source: ac://theme/default/js/ui.js (810)
[1012/141244:INFO:CONSOLE(1220)] "s:ac://start/?timelimit=0&model=ks_mclaren_650_gt3&track=monza&skin=00_racing_59", source: ac://theme/default/js/ui.js (1220)
[1012/141244:INFO:CONSOLE(2235)] "window blurred", source: ac://theme/default/js/ui.js (2235)
[1012/141246:INFO:CONSOLE(1386)] "AC active", source: ac://theme/default/js/ui.js (1386)
[1012/141347:INFO:CONSOLE(1400)] "AC stopped", source: ac://theme/default/js/ui.js (1400)
[1012/141347:INFO:CONSOLE(4386)] "Returned from session", source: ac://theme/default/js/ui.js (4386)
[1012/141347:INFO:CONSOLE(3115)] "Widgets refreshed ", source: ac://theme/default/js/ui.js (3115)
[1012/141347:INFO:CONSOLE(628)] "UIResults refreshing", source:  (628)
[1012/141347:INFO:CONSOLE(113)] "Limiting results for 1 to 0", source:  (113)
[1012/141347:INFO:CONSOLE(128)] "Processing event: 0", source:  (128)
[1012/141347:INFO:CONSOLE(141)] ">>> UIResults session read:", source:  (141)
[1012/141347:INFO:CONSOLE(645)] "UIResults populateresult: false", source:  (645)
[1012/141347:INFO:CONSOLE(666)] ">>> UIResults Registered last event: 1697120025665", source:  (666)
[1012/141347:INFO:CONSOLE(1578)] "Displaying results", source: ac://theme/default/js/ui.js (1578)
[1012/141347:INFO:CONSOLE(687)] ">>> UIResults, invalid: true populateresult:false", source:  (687)
[1012/141347:INFO:CONSOLE(693)] "Invalid results", source:  (693)
[1012/141347:INFO:CONSOLE(279)] "replays: 0 loaded", source: ac://js/__AC.js (279)
[1012/141350:INFO:CONSOLE(2225)] "window focused", source: ac://theme/default/js/ui.js (2225)
[1012/141352:INFO:CONSOLE(2235)] "window blurred", source: ac://theme/default/js/ui.js (2235)
[1012/141354:INFO:CONSOLE(2225)] "window focused", source: ac://theme/default/js/ui.js (2225)
[1012/141522:INFO:CONSOLE(2999)] "cubemaps", source: ac://theme/default/js/ui.js (2999)
[1012/141522:INFO:CONSOLE(2999)] "cubemaps", source: ac://theme/default/js/ui.js (2999)
[1012/141546:INFO:CONSOLE(573)] "restoring previous session: practice", source: ac://theme/default/js/ui.js (573)
[1012/141546:INFO:CONSOLE(4604)] "setting session type to: practice", source: ac://theme/default/js/ui.js (4604)
[1012/141546:INFO:CONSOLE(4429)] "No tracks filtered", source: ac://theme/default/js/ui.js (4429)
[1012/141546:INFO:CONSOLE(3115)] "Widgets refreshed ", source: ac://theme/default/js/ui.js (3115)
[1012/141546:INFO:CONSOLE(3115)] "Widgets refreshed ", source: ac://theme/default/js/ui.js (3115)
[1012/141546:INFO:CONSOLE(440)] ">>> Summary redraw: opponents", source: ac://theme/default/js/ui.js (440)
[1012/141546:INFO:CONSOLE(1724)] "clicked filter tracks", source: ac://theme/default/js/ui.js (1724)
[1012/141546:INFO:CONSOLE(1831)] "track tag selected: all", source: ac://theme/default/js/ui.js (1831)
[1012/141546:INFO:CONSOLE(3115)] "Widgets refreshed ", source: ac://theme/default/js/ui.js (3115)
[1012/141548:INFO:CONSOLE(810)] "startrace clicked", source: ac://theme/default/js/ui.js (810)
[1012/141550:INFO:CONSOLE(1220)] "s:ac://start/?timelimit=0&model=ks_mclaren_650_gt3&track=monza&skin=00_racing_59", source: ac://theme/default/js/ui.js (1220)
[1012/141550:INFO:CONSOLE(2235)] "window blurred", source: ac://theme/default/js/ui.js (2235)
[1012/141551:INFO:CONSOLE(1386)] "AC active", source: ac://theme/default/js/ui.js (1386)
[1012/141703:INFO:CONSOLE(1400)] "AC stopped", source: ac://theme/default/js/ui.js (1400)
[1012/141703:INFO:CONSOLE(4386)] "Returned from session", source: ac://theme/default/js/ui.js (4386)
[1012/141703:INFO:CONSOLE(3115)] "Widgets refreshed ", source: ac://theme/default/js/ui.js (3115)
[1012/141703:INFO:CONSOLE(628)] "UIResults refreshing", source:  (628)
[1012/141703:INFO:CONSOLE(113)] "Limiting results for 1 to 0", source:  (113)
[1012/141703:INFO:CONSOLE(128)] "Processing event: 0", source:  (128)
[1012/141703:INFO:CONSOLE(141)] ">>> UIResults session read:", source:  (141)
[1012/141703:INFO:CONSOLE(645)] "UIResults populateresult: false", source:  (645)
[1012/141703:INFO:CONSOLE(666)] ">>> UIResults Registered last event: 1697120221585", source:  (666)
[1012/141703:INFO:CONSOLE(1578)] "Displaying results", source: ac://theme/default/js/ui.js (1578)
[1012/141703:INFO:CONSOLE(687)] ">>> UIResults, invalid: true populateresult:false", source:  (687)
[1012/141703:INFO:CONSOLE(693)] "Invalid results", source:  (693)
[1012/141703:INFO:CONSOLE(279)] "replays: 0 loaded", source: ac://js/__AC.js (279)
[1012/141704:INFO:CONSOLE(2225)] "window focused", source: ac://theme/default/js/ui.js (2225)
[1012/141708:INFO:CONSOLE(2235)] "window blurred", source: ac://theme/default/js/ui.js (2235)
[1012/141708:INFO:CONSOLE(1443)] "ACControlsEvent: Visible, true", source: ac://theme/default/js/ui.js (1443)
[1012/141852:INFO:CONSOLE(1443)] "ACControlsEvent: Visible, false", source: ac://theme/default/js/ui.js (1443)
[1012/141852:INFO:CONSOLE(1458)] "Applying assists", source: ac://theme/default/js/ui.js (1458)
[1012/141853:INFO:CONSOLE(2225)] "window focused", source: ac://theme/default/js/ui.js (2225)
[1012/141853:INFO:CONSOLE(573)] "restoring previous session: practice", source: ac://theme/default/js/ui.js (573)
[1012/141853:INFO:CONSOLE(4604)] "setting session type to: practice", source: ac://theme/default/js/ui.js (4604)
[1012/141853:INFO:CONSOLE(4429)] "No tracks filtered", source: ac://theme/default/js/ui.js (4429)
[1012/141853:INFO:CONSOLE(3115)] "Widgets refreshed ", source: ac://theme/default/js/ui.js (3115)
[1012/141853:INFO:CONSOLE(3115)] "Widgets refreshed ", source: ac://theme/default/js/ui.js (3115)
[1012/141853:INFO:CONSOLE(440)] ">>> Summary redraw: opponents", source: ac://theme/default/js/ui.js (440)
[1012/141853:INFO:CONSOLE(1724)] "clicked filter tracks", source: ac://theme/default/js/ui.js (1724)
[1012/141853:INFO:CONSOLE(1831)] "track tag selected: all", source: ac://theme/default/js/ui.js (1831)
[1012/141853:INFO:CONSOLE(3115)] "Widgets refreshed ", source: ac://theme/default/js/ui.js (3115)
[1012/141855:INFO:CONSOLE(810)] "startrace clicked", source: ac://theme/default/js/ui.js (810)
[1012/141857:INFO:CONSOLE(1220)] "s:ac://start/?timelimit=0&model=ks_mclaren_650_gt3&track=monza&skin=00_racing_59", source: ac://theme/default/js/ui.js (1220)
[1012/141857:INFO:CONSOLE(2235)] "window blurred", source: ac://theme/default/js/ui.js (2235)
[1012/141857:INFO:CONSOLE(1386)] "AC active", source: ac://theme/default/js/ui.js (1386)
[1012/142210:INFO:CONSOLE(1400)] "AC stopped", source: ac://theme/default/js/ui.js (1400)
[1012/142210:INFO:CONSOLE(4386)] "Returned from session", source: ac://theme/default/js/ui.js (4386)
[1012/142210:INFO:CONSOLE(3115)] "Widgets refreshed ", source: ac://theme/default/js/ui.js (3115)
[1012/142210:INFO:CONSOLE(628)] "UIResults refreshing", source:  (628)
[1012/142210:INFO:CONSOLE(113)] "Limiting results for 1 to 0", source:  (113)
[1012/142210:INFO:CONSOLE(128)] "Processing event: 0", source:  (128)
[1012/142210:INFO:CONSOLE(141)] ">>> UIResults session read:", source:  (141)
[1012/142211:INFO:CONSOLE(645)] "UIResults populateresult: false", source:  (645)
[1012/142211:INFO:CONSOLE(666)] ">>> UIResults Registered last event: 1697120530563", source:  (666)
[1012/142211:INFO:CONSOLE(1578)] "Displaying results", source: ac://theme/default/js/ui.js (1578)
[1012/142211:INFO:CONSOLE(687)] ">>> UIResults, invalid: true populateresult:false", source:  (687)
[1012/142211:INFO:CONSOLE(693)] "Invalid results", source:  (693)
[1012/142211:INFO:CONSOLE(279)] "replays: 0 loaded", source: ac://js/__AC.js (279)
[1012/142212:INFO:CONSOLE(2225)] "window focused", source: ac://theme/default/js/ui.js (2225)
[1012/142215:INFO:CONSOLE(2235)] "window blurred", source: ac://theme/default/js/ui.js (2235)
[1012/142216:INFO:CONSOLE(2225)] "window focused", source: ac://theme/default/js/ui.js (2225)
[1012/142216:INFO:CONSOLE(1443)] "ACControlsEvent: Visible, true", source: ac://theme/default/js/ui.js (1443)
[1012/142248:INFO:CONSOLE(2235)] "window blurred", source: ac://theme/default/js/ui.js (2235)
[1012/142640:INFO:CONSOLE(1443)] "ACControlsEvent: Visible, false", source: ac://theme/default/js/ui.js (1443)
[1012/142640:INFO:CONSOLE(1458)] "Applying assists", source: ac://theme/default/js/ui.js (1458)
[1012/142642:INFO:CONSOLE(2225)] "window focused", source: ac://theme/default/js/ui.js (2225)
[1012/142642:INFO:CONSOLE(573)] "restoring previous session: practice", source: ac://theme/default/js/ui.js (573)
[1012/142642:INFO:CONSOLE(4604)] "setting session type to: practice", source: ac://theme/default/js/ui.js (4604)
[1012/142642:INFO:CONSOLE(4429)] "No tracks filtered", source: ac://theme/default/js/ui.js (4429)
[1012/142642:INFO:CONSOLE(3115)] "Widgets refreshed ", source: ac://theme/default/js/ui.js (3115)
[1012/142642:INFO:CONSOLE(3115)] "Widgets refreshed ", source: ac://theme/default/js/ui.js (3115)
[1012/142642:INFO:CONSOLE(440)] ">>> Summary redraw: opponents", source: ac://theme/default/js/ui.js (440)
[1012/142642:INFO:CONSOLE(1724)] "clicked filter tracks", source: ac://theme/default/js/ui.js (1724)
[1012/142642:INFO:CONSOLE(1831)] "track tag selected: all", source: ac://theme/default/js/ui.js (1831)
[1012/142642:INFO:CONSOLE(3115)] "Widgets refreshed ", source: ac://theme/default/js/ui.js (3115)
[1012/142643:INFO:CONSOLE(573)] "restoring previous session: practice", source: ac://theme/default/js/ui.js (573)
[1012/142643:INFO:CONSOLE(4604)] "setting session type to: practice", source: ac://theme/default/js/ui.js (4604)
[1012/142643:INFO:CONSOLE(4429)] "No tracks filtered", source: ac://theme/default/js/ui.js (4429)
[1012/142643:INFO:CONSOLE(3115)] "Widgets refreshed ", source: ac://theme/default/js/ui.js (3115)
[1012/142643:INFO:CONSOLE(3115)] "Widgets refreshed ", source: ac://theme/default/js/ui.js (3115)
[1012/142643:INFO:CONSOLE(440)] ">>> Summary redraw: opponents", source: ac://theme/default/js/ui.js (440)
[1012/142643:INFO:CONSOLE(1724)] "clicked filter tracks", source: ac://theme/default/js/ui.js (1724)
[1012/142643:INFO:CONSOLE(1831)] "track tag selected: all", source: ac://theme/default/js/ui.js (1831)
[1012/142643:INFO:CONSOLE(3115)] "Widgets refreshed ", source: ac://theme/default/js/ui.js (3115)
[1012/142645:INFO:CONSOLE(810)] "startrace clicked", source: ac://theme/default/js/ui.js (810)
[1012/142647:INFO:CONSOLE(1220)] "s:ac://start/?timelimit=0&model=ks_mclaren_650_gt3&track=monza&skin=00_racing_59", source: ac://theme/default/js/ui.js (1220)
[1012/142647:INFO:CONSOLE(2235)] "window blurred", source: ac://theme/default/js/ui.js (2235)
[1012/142647:INFO:CONSOLE(1386)] "AC active", source: ac://theme/default/js/ui.js (1386)
[1012/142854:INFO:CONSOLE(1400)] "AC stopped", source: ac://theme/default/js/ui.js (1400)
[1012/142854:INFO:CONSOLE(4386)] "Returned from session", source: ac://theme/default/js/ui.js (4386)
[1012/142854:INFO:CONSOLE(3115)] "Widgets refreshed ", source: ac://theme/default/js/ui.js (3115)
[1012/142854:INFO:CONSOLE(628)] "UIResults refreshing", source:  (628)
[1012/142854:INFO:CONSOLE(113)] "Limiting results for 1 to 0", source:  (113)
[1012/142854:INFO:CONSOLE(128)] "Processing event: 0", source:  (128)
[1012/142854:INFO:CONSOLE(141)] ">>> UIResults session read:", source:  (141)
[1012/142854:INFO:CONSOLE(645)] "UIResults populateresult: false", source:  (645)
[1012/142854:INFO:CONSOLE(666)] ">>> UIResults Registered last event: 1697120932655", source:  (666)
[1012/142854:INFO:CONSOLE(1578)] "Displaying results", source: ac://theme/default/js/ui.js (1578)
[1012/142854:INFO:CONSOLE(687)] ">>> UIResults, invalid: true populateresult:false", source:  (687)
[1012/142854:INFO:CONSOLE(693)] "Invalid results", source:  (693)
[1012/142854:INFO:CONSOLE(279)] "replays: 0 loaded", source: ac://js/__AC.js (279)
[1012/142857:INFO:CONSOLE(2225)] "window focused", source: ac://theme/default/js/ui.js (2225)
[1012/142859:INFO:CONSOLE(2235)] "window blurred", source: ac://theme/default/js/ui.js (2235)
[1012/142859:INFO:CONSOLE(2225)] "window focused", source: ac://theme/default/js/ui.js (2225)
[1012/142900:INFO:CONSOLE(573)] "restoring previous session: practice", source: ac://theme/default/js/ui.js (573)
[1012/142900:INFO:CONSOLE(4604)] "setting session type to: practice", source: ac://theme/default/js/ui.js (4604)
[1012/142900:INFO:CONSOLE(4429)] "No tracks filtered", source: ac://theme/default/js/ui.js (4429)
[1012/142900:INFO:CONSOLE(3115)] "Widgets refreshed ", source: ac://theme/default/js/ui.js (3115)
[1012/142900:INFO:CONSOLE(3115)] "Widgets refreshed ", source: ac://theme/default/js/ui.js (3115)
[1012/142900:INFO:CONSOLE(440)] ">>> Summary redraw: opponents", source: ac://theme/default/js/ui.js (440)
[1012/142900:INFO:CONSOLE(1724)] "clicked filter tracks", source: ac://theme/default/js/ui.js (1724)
[1012/142900:INFO:CONSOLE(1831)] "track tag selected: all", source: ac://theme/default/js/ui.js (1831)
[1012/142900:INFO:CONSOLE(3115)] "Widgets refreshed ", source: ac://theme/default/js/ui.js (3115)
[1012/142904:INFO:CONSOLE(1443)] "ACControlsEvent: Visible, true", source: ac://theme/default/js/ui.js (1443)
[1012/142909:INFO:CONSOLE(2235)] "window blurred", source: ac://theme/default/js/ui.js (2235)
[1012/142950:INFO:CONSOLE(1443)] "ACControlsEvent: Visible, false", source: ac://theme/default/js/ui.js (1443)
[1012/142950:INFO:CONSOLE(1458)] "Applying assists", source: ac://theme/default/js/ui.js (1458)
[1012/142951:INFO:CONSOLE(2225)] "window focused", source: ac://theme/default/js/ui.js (2225)
[1012/142952:INFO:CONSOLE(573)] "restoring previous session: practice", source: ac://theme/default/js/ui.js (573)
[1012/142952:INFO:CONSOLE(4604)] "setting session type to: practice", source: ac://theme/default/js/ui.js (4604)
[1012/142952:INFO:CONSOLE(4429)] "No tracks filtered", source: ac://theme/default/js/ui.js (4429)
[1012/142952:INFO:CONSOLE(3115)] "Widgets refreshed ", source: ac://theme/default/js/ui.js (3115)
[1012/142952:INFO:CONSOLE(3115)] "Widgets refreshed ", source: ac://theme/default/js/ui.js (3115)
[1012/142952:INFO:CONSOLE(440)] ">>> Summary redraw: opponents", source: ac://theme/default/js/ui.js (440)
[1012/142952:INFO:CONSOLE(1724)] "clicked filter tracks", source: ac://theme/default/js/ui.js (1724)
[1012/142952:INFO:CONSOLE(1831)] "track tag selected: all", source: ac://theme/default/js/ui.js (1831)
[1012/142952:INFO:CONSOLE(3115)] "Widgets refreshed ", source: ac://theme/default/js/ui.js (3115)
[1012/142953:INFO:CONSOLE(810)] "startrace clicked", source: ac://theme/default/js/ui.js (810)
[1012/142954:INFO:CONSOLE(1220)] "s:ac://start/?timelimit=0&model=ks_mclaren_650_gt3&track=monza&skin=00_racing_59", source: ac://theme/default/js/ui.js (1220)
[1012/142955:INFO:CONSOLE(2235)] "window blurred", source: ac://theme/default/js/ui.js (2235)
[1012/142956:INFO:CONSOLE(1386)] "AC active", source: ac://theme/default/js/ui.js (1386)
[1012/143614:INFO:CONSOLE(1400)] "AC stopped", source: ac://theme/default/js/ui.js (1400)
[1012/143614:INFO:CONSOLE(4386)] "Returned from session", source: ac://theme/default/js/ui.js (4386)
[1012/143614:INFO:CONSOLE(3115)] "Widgets refreshed ", source: ac://theme/default/js/ui.js (3115)
[1012/143614:INFO:CONSOLE(628)] "UIResults refreshing", source:  (628)
[1012/143614:INFO:CONSOLE(113)] "Limiting results for 1 to 0", source:  (113)
[1012/143614:INFO:CONSOLE(128)] "Processing event: 0", source:  (128)
[1012/143614:INFO:CONSOLE(141)] ">>> UIResults session read:", source:  (141)
[1012/143614:INFO:CONSOLE(645)] "UIResults populateresult: false", source:  (645)
[1012/143614:INFO:CONSOLE(666)] ">>> UIResults Registered last event: 1697121374072", source:  (666)
[1012/143614:INFO:CONSOLE(1578)] "Displaying results", source: ac://theme/default/js/ui.js (1578)
[1012/143614:INFO:CONSOLE(687)] ">>> UIResults, invalid: true populateresult:false", source:  (687)
[1012/143614:INFO:CONSOLE(693)] "Invalid results", source:  (693)
[1012/143614:INFO:CONSOLE(279)] "replays: 0 loaded", source: ac://js/__AC.js (279)
[1012/143616:INFO:CONSOLE(2225)] "window focused", source: ac://theme/default/js/ui.js (2225)
[1012/143618:INFO:CONSOLE(1443)] "ACControlsEvent: Visible, true", source: ac://theme/default/js/ui.js (1443)
[1012/143626:INFO:CONSOLE(2235)] "window blurred", source: ac://theme/default/js/ui.js (2235)
[1012/143656:INFO:CONSOLE(1443)] "ACControlsEvent: Visible, false", source: ac://theme/default/js/ui.js (1443)
[1012/143656:INFO:CONSOLE(1458)] "Applying assists", source: ac://theme/default/js/ui.js (1458)
[1012/143656:INFO:CONSOLE(2225)] "window focused", source: ac://theme/default/js/ui.js (2225)
[1012/143657:INFO:CONSOLE(573)] "restoring previous session: practice", source: ac://theme/default/js/ui.js (573)
[1012/143657:INFO:CONSOLE(4604)] "setting session type to: practice", source: ac://theme/default/js/ui.js (4604)
[1012/143657:INFO:CONSOLE(4429)] "No tracks filtered", source: ac://theme/default/js/ui.js (4429)
[1012/143657:INFO:CONSOLE(3115)] "Widgets refreshed ", source: ac://theme/default/js/ui.js (3115)
[1012/143657:INFO:CONSOLE(3115)] "Widgets refreshed ", source: ac://theme/default/js/ui.js (3115)
[1012/143657:INFO:CONSOLE(440)] ">>> Summary redraw: opponents", source: ac://theme/default/js/ui.js (440)
[1012/143657:INFO:CONSOLE(1724)] "clicked filter tracks", source: ac://theme/default/js/ui.js (1724)
[1012/143657:INFO:CONSOLE(1831)] "track tag selected: all", source: ac://theme/default/js/ui.js (1831)
[1012/143657:INFO:CONSOLE(3115)] "Widgets refreshed ", source: ac://theme/default/js/ui.js (3115)
[1012/143659:INFO:CONSOLE(810)] "startrace clicked", source: ac://theme/default/js/ui.js (810)
[1012/143700:INFO:CONSOLE(1220)] "s:ac://start/?timelimit=0&model=ks_mclaren_650_gt3&track=monza&skin=00_racing_59", source: ac://theme/default/js/ui.js (1220)
[1012/143700:INFO:CONSOLE(2235)] "window blurred", source: ac://theme/default/js/ui.js (2235)
[1012/143702:INFO:CONSOLE(1386)] "AC active", source: ac://theme/default/js/ui.js (1386)
[1012/143839:INFO:CONSOLE(1400)] "AC stopped", source: ac://theme/default/js/ui.js (1400)
[1012/143839:INFO:CONSOLE(4386)] "Returned from session", source: ac://theme/default/js/ui.js (4386)
[1012/143839:INFO:CONSOLE(3115)] "Widgets refreshed ", source: ac://theme/default/js/ui.js (3115)
[1012/143839:INFO:CONSOLE(628)] "UIResults refreshing", source:  (628)
[1012/143839:INFO:CONSOLE(113)] "Limiting results for 1 to 0", source:  (113)
[1012/143839:INFO:CONSOLE(128)] "Processing event: 0", source:  (128)
[1012/143839:INFO:CONSOLE(141)] ">>> UIResults session read:", source:  (141)
[1012/143840:INFO:CONSOLE(645)] "UIResults populateresult: false", source:  (645)
[1012/143840:INFO:CONSOLE(666)] ">>> UIResults Registered last event: 1697121517966", source:  (666)
[1012/143840:INFO:CONSOLE(1578)] "Displaying results", source: ac://theme/default/js/ui.js (1578)
[1012/143840:INFO:CONSOLE(687)] ">>> UIResults, invalid: true populateresult:false", source:  (687)
[1012/143840:INFO:CONSOLE(693)] "Invalid results", source:  (693)
[1012/143840:INFO:CONSOLE(279)] "replays: 0 loaded", source: ac://js/__AC.js (279)
[1012/143841:INFO:CONSOLE(2225)] "window focused", source: ac://theme/default/js/ui.js (2225)
[1012/143844:INFO:CONSOLE(1443)] "ACControlsEvent: Visible, true", source: ac://theme/default/js/ui.js (1443)
[1012/143853:INFO:CONSOLE(2235)] "window blurred", source: ac://theme/default/js/ui.js (2235)
[1012/143902:INFO:CONSOLE(1443)] "ACControlsEvent: Visible, false", source: ac://theme/default/js/ui.js (1443)
[1012/143902:INFO:CONSOLE(1458)] "Applying assists", source: ac://theme/default/js/ui.js (1458)
[1012/143902:INFO:CONSOLE(2225)] "window focused", source: ac://theme/default/js/ui.js (2225)
[1012/143902:INFO:CONSOLE(573)] "restoring previous session: practice", source: ac://theme/default/js/ui.js (573)
[1012/143902:INFO:CONSOLE(4604)] "setting session type to: practice", source: ac://theme/default/js/ui.js (4604)
[1012/143902:INFO:CONSOLE(4429)] "No tracks filtered", source: ac://theme/default/js/ui.js (4429)
[1012/143902:INFO:CONSOLE(3115)] "Widgets refreshed ", source: ac://theme/default/js/ui.js (3115)
[1012/143902:INFO:CONSOLE(3115)] "Widgets refreshed ", source: ac://theme/default/js/ui.js (3115)
[1012/143902:INFO:CONSOLE(440)] ">>> Summary redraw: opponents", source: ac://theme/default/js/ui.js (440)
[1012/143902:INFO:CONSOLE(1724)] "clicked filter tracks", source: ac://theme/default/js/ui.js (1724)
[1012/143902:INFO:CONSOLE(1831)] "track tag selected: all", source: ac://theme/default/js/ui.js (1831)
[1012/143902:INFO:CONSOLE(3115)] "Widgets refreshed ", source: ac://theme/default/js/ui.js (3115)
[1012/143904:INFO:CONSOLE(810)] "startrace clicked", source: ac://theme/default/js/ui.js (810)
[1012/143906:INFO:CONSOLE(1220)] "s:ac://start/?timelimit=0&model=ks_mclaren_650_gt3&track=monza&skin=00_racing_59", source: ac://theme/default/js/ui.js (1220)
[1012/143906:INFO:CONSOLE(2235)] "window blurred", source: ac://theme/default/js/ui.js (2235)
[1012/143907:INFO:CONSOLE(1386)] "AC active", source: ac://theme/default/js/ui.js (1386)
[1012/143947:INFO:CONSOLE(1400)] "AC stopped", source: ac://theme/default/js/ui.js (1400)
[1012/143947:INFO:CONSOLE(4386)] "Returned from session", source: ac://theme/default/js/ui.js (4386)
[1012/143947:INFO:CONSOLE(3115)] "Widgets refreshed ", source: ac://theme/default/js/ui.js (3115)
[1012/143947:INFO:CONSOLE(628)] "UIResults refreshing", source:  (628)
[1012/143947:INFO:CONSOLE(113)] "Limiting results for 1 to 0", source:  (113)
[1012/143947:INFO:CONSOLE(128)] "Processing event: 0", source:  (128)
[1012/143947:INFO:CONSOLE(141)] ">>> UIResults session read:", source:  (141)
[1012/143947:INFO:CONSOLE(645)] "UIResults populateresult: false", source:  (645)
[1012/143947:INFO:CONSOLE(666)] ">>> UIResults Registered last event: 1697121585819", source:  (666)
[1012/143947:INFO:CONSOLE(1578)] "Displaying results", source: ac://theme/default/js/ui.js (1578)
[1012/143947:INFO:CONSOLE(687)] ">>> UIResults, invalid: true populateresult:false", source:  (687)
[1012/143947:INFO:CONSOLE(693)] "Invalid results", source:  (693)
[1012/143947:INFO:CONSOLE(279)] "replays: 0 loaded", source: ac://js/__AC.js (279)
[1012/143948:INFO:CONSOLE(2225)] "window focused", source: ac://theme/default/js/ui.js (2225)
[1012/143951:INFO:CONSOLE(1443)] "ACControlsEvent: Visible, true", source: ac://theme/default/js/ui.js (1443)
[1012/143953:INFO:CONSOLE(2235)] "window blurred", source: ac://theme/default/js/ui.js (2235)
[1012/144006:INFO:CONSOLE(1443)] "ACControlsEvent: Visible, false", source: ac://theme/default/js/ui.js (1443)
[1012/144006:INFO:CONSOLE(1458)] "Applying assists", source: ac://theme/default/js/ui.js (1458)
[1012/144007:INFO:CONSOLE(2225)] "window focused", source: ac://theme/default/js/ui.js (2225)
[1012/144007:INFO:CONSOLE(573)] "restoring previous session: practice", source: ac://theme/default/js/ui.js (573)
[1012/144007:INFO:CONSOLE(4604)] "setting session type to: practice", source: ac://theme/default/js/ui.js (4604)
[1012/144007:INFO:CONSOLE(4429)] "No tracks filtered", source: ac://theme/default/js/ui.js (4429)
[1012/144007:INFO:CONSOLE(3115)] "Widgets refreshed ", source: ac://theme/default/js/ui.js (3115)
[1012/144007:INFO:CONSOLE(3115)] "Widgets refreshed ", source: ac://theme/default/js/ui.js (3115)
[1012/144007:INFO:CONSOLE(440)] ">>> Summary redraw: opponents", source: ac://theme/default/js/ui.js (440)
[1012/144007:INFO:CONSOLE(1724)] "clicked filter tracks", source: ac://theme/default/js/ui.js (1724)
[1012/144007:INFO:CONSOLE(1831)] "track tag selected: all", source: ac://theme/default/js/ui.js (1831)
[1012/144007:INFO:CONSOLE(3115)] "Widgets refreshed ", source: ac://theme/default/js/ui.js (3115)
[1012/144008:INFO:CONSOLE(810)] "startrace clicked", source: ac://theme/default/js/ui.js (810)
[1012/144010:INFO:CONSOLE(1220)] "s:ac://start/?timelimit=0&model=ks_mclaren_650_gt3&track=monza&skin=00_racing_59", source: ac://theme/default/js/ui.js (1220)
[1012/144010:INFO:CONSOLE(2235)] "window blurred", source: ac://theme/default/js/ui.js (2235)
[1012/144011:INFO:CONSOLE(1386)] "AC active", source: ac://theme/default/js/ui.js (1386)
[1012/144609:INFO:CONSOLE(1400)] "AC stopped", source: ac://theme/default/js/ui.js (1400)
[1012/144609:INFO:CONSOLE(4386)] "Returned from session", source: ac://theme/default/js/ui.js (4386)
[1012/144609:INFO:CONSOLE(3115)] "Widgets refreshed ", source: ac://theme/default/js/ui.js (3115)
[1012/144609:INFO:CONSOLE(628)] "UIResults refreshing", source:  (628)
[1012/144609:INFO:CONSOLE(113)] "Limiting results for 1 to 0", source:  (113)
[1012/144609:INFO:CONSOLE(128)] "Processing event: 0", source:  (128)
[1012/144609:INFO:CONSOLE(141)] ">>> UIResults session read:", source:  (141)
[1012/144609:INFO:CONSOLE(645)] "UIResults populateresult: true", source:  (645)
[1012/144609:INFO:CONSOLE(666)] ">>> UIResults Registered last event: 1697121967040", source:  (666)
[1012/144609:INFO:CONSOLE(1578)] "Displaying results", source: ac://theme/default/js/ui.js (1578)
[1012/144609:INFO:CONSOLE(687)] ">>> UIResults, invalid: false populateresult:true", source:  (687)
[1012/144609:INFO:CONSOLE(279)] "replays: 0 loaded", source: ac://js/__AC.js (279)
[1012/144609:INFO:CONSOLE(146)] ">>> UIPbManager new pb for ks_mclaren_650_gt3@monza: 224479", source:  (146)
[1012/144611:INFO:CONSOLE(190)] ">>> UIPbManager", source:  (190)
[1012/144611:INFO:CONSOLE(687)] "updating pb list", source:  (687)
[1012/144611:INFO:CONSOLE(707)] ">>> UIPbManager refreshing PB grid", source:  (707)
[1012/144611:INFO:CONSOLE(88)] "Combo change - PB loading for:ks_mclaren_650_gt3 @ monza", source:  (88)
[1012/144612:INFO:CONSOLE(70)] "Updating personalbest.ini", source:  (70)
[1012/144612:INFO:CONSOLE(2225)] "window focused", source: ac://theme/default/js/ui.js (2225)
[1012/144613:INFO:CONSOLE(2235)] "window blurred", source: ac://theme/default/js/ui.js (2235)
[1012/144638:INFO:CONSOLE(2225)] "window focused", source: ac://theme/default/js/ui.js (2225)
[1012/144647:INFO:CONSOLE(573)] "restoring previous session: practice", source: ac://theme/default/js/ui.js (573)
[1012/144647:INFO:CONSOLE(4604)] "setting session type to: practice", source: ac://theme/default/js/ui.js (4604)
[1012/144647:INFO:CONSOLE(4429)] "No tracks filtered", source: ac://theme/default/js/ui.js (4429)
[1012/144647:INFO:CONSOLE(3115)] "Widgets refreshed ", source: ac://theme/default/js/ui.js (3115)
[1012/144647:INFO:CONSOLE(3115)] "Widgets refreshed ", source: ac://theme/default/js/ui.js (3115)
[1012/144647:INFO:CONSOLE(440)] ">>> Summary redraw: opponents", source: ac://theme/default/js/ui.js (440)
[1012/144647:INFO:CONSOLE(1724)] "clicked filter tracks", source: ac://theme/default/js/ui.js (1724)
[1012/144647:INFO:CONSOLE(1831)] "track tag selected: all", source: ac://theme/default/js/ui.js (1831)
[1012/144647:INFO:CONSOLE(3115)] "Widgets refreshed ", source: ac://theme/default/js/ui.js (3115)
[1012/144655:INFO:CONSOLE(573)] "restoring previous session: practice", source: ac://theme/default/js/ui.js (573)
[1012/144656:INFO:CONSOLE(4604)] "setting session type to: practice", source: ac://theme/default/js/ui.js (4604)
[1012/144656:INFO:CONSOLE(4429)] "No tracks filtered", source: ac://theme/default/js/ui.js (4429)
[1012/144656:INFO:CONSOLE(3115)] "Widgets refreshed ", source: ac://theme/default/js/ui.js (3115)
[1012/144656:INFO:CONSOLE(3115)] "Widgets refreshed ", source: ac://theme/default/js/ui.js (3115)
[1012/144656:INFO:CONSOLE(440)] ">>> Summary redraw: opponents", source: ac://theme/default/js/ui.js (440)
[1012/144656:INFO:CONSOLE(1724)] "clicked filter tracks", source: ac://theme/default/js/ui.js (1724)
[1012/144656:INFO:CONSOLE(1831)] "track tag selected: all", source: ac://theme/default/js/ui.js (1831)
[1012/144656:INFO:CONSOLE(3115)] "Widgets refreshed ", source: ac://theme/default/js/ui.js (3115)
[1012/144656:INFO:CONSOLE(573)] "restoring previous session: practice", source: ac://theme/default/js/ui.js (573)
[1012/144656:INFO:CONSOLE(4604)] "setting session type to: practice", source: ac://theme/default/js/ui.js (4604)
[1012/144656:INFO:CONSOLE(4429)] "No tracks filtered", source: ac://theme/default/js/ui.js (4429)
[1012/144656:INFO:CONSOLE(3115)] "Widgets refreshed ", source: ac://theme/default/js/ui.js (3115)
[1012/144656:INFO:CONSOLE(3115)] "Widgets refreshed ", source: ac://theme/default/js/ui.js (3115)
[1012/144656:INFO:CONSOLE(440)] ">>> Summary redraw: opponents", source: ac://theme/default/js/ui.js (440)
[1012/144656:INFO:CONSOLE(1724)] "clicked filter tracks", source: ac://theme/default/js/ui.js (1724)
[1012/144656:INFO:CONSOLE(1831)] "track tag selected: all", source: ac://theme/default/js/ui.js (1831)
[1012/144656:INFO:CONSOLE(3115)] "Widgets refreshed ", source: ac://theme/default/js/ui.js (3115)
[1012/144719:INFO:CONSOLE(3115)] "Widgets refreshed ", source: ac://theme/default/js/ui.js (3115)
[1012/144719:INFO:CONSOLE(2114)] "assists set to: custom", source: ac://theme/default/js/ui.js (2114)
[1012/144719:INFO:CONSOLE(3115)] "Widgets refreshed ", source: ac://theme/default/js/ui.js (3115)
[1012/144719:INFO:CONSOLE(2114)] "assists set to: custom", source: ac://theme/default/js/ui.js (2114)
[1012/144720:INFO:CONSOLE(3115)] "Widgets refreshed ", source: ac://theme/default/js/ui.js (3115)
[1012/144720:INFO:CONSOLE(2114)] "assists set to: custom", source: ac://theme/default/js/ui.js (2114)
[1012/144721:INFO:CONSOLE(3115)] "Widgets refreshed ", source: ac://theme/default/js/ui.js (3115)
[1012/144721:INFO:CONSOLE(2114)] "assists set to: custom", source: ac://theme/default/js/ui.js (2114)
[1012/144722:INFO:CONSOLE(3115)] "Widgets refreshed ", source: ac://theme/default/js/ui.js (3115)
[1012/144722:INFO:CONSOLE(2114)] "assists set to: custom", source: ac://theme/default/js/ui.js (2114)
[1012/144722:INFO:CONSOLE(3115)] "Widgets refreshed ", source: ac://theme/default/js/ui.js (3115)
[1012/144722:INFO:CONSOLE(2114)] "assists set to: custom", source: ac://theme/default/js/ui.js (2114)
[1012/144723:INFO:CONSOLE(3115)] "Widgets refreshed ", source: ac://theme/default/js/ui.js (3115)
[1012/144723:INFO:CONSOLE(2114)] "assists set to: custom", source: ac://theme/default/js/ui.js (2114)
[1012/144723:INFO:CONSOLE(3115)] "Widgets refreshed ", source: ac://theme/default/js/ui.js (3115)
[1012/144723:INFO:CONSOLE(2114)] "assists set to: custom", source: ac://theme/default/js/ui.js (2114)
[1012/144735:INFO:CONSOLE(3115)] "Widgets refreshed ", source: ac://theme/default/js/ui.js (3115)
[1012/144735:INFO:CONSOLE(2089)] "assists set to: gamer", source: ac://theme/default/js/ui.js (2089)
[1012/144741:INFO:CONSOLE(3115)] "Widgets refreshed ", source: ac://theme/default/js/ui.js (3115)
[1012/144741:INFO:CONSOLE(2114)] "assists set to: custom", source: ac://theme/default/js/ui.js (2114)
[1012/144744:INFO:CONSOLE(3115)] "Widgets refreshed ", source: ac://theme/default/js/ui.js (3115)
[1012/144744:INFO:CONSOLE(2089)] "assists set to: gamer", source: ac://theme/default/js/ui.js (2089)
[1012/144746:INFO:CONSOLE(3115)] "Widgets refreshed ", source: ac://theme/default/js/ui.js (3115)
[1012/144746:INFO:CONSOLE(2102)] "assists set to: racer", source: ac://theme/default/js/ui.js (2102)
[1012/144750:INFO:CONSOLE(3115)] "Widgets refreshed ", source: ac://theme/default/js/ui.js (3115)
[1012/144750:INFO:CONSOLE(2102)] "assists set to: pro", source: ac://theme/default/js/ui.js (2102)
[1012/144759:INFO:CONSOLE(3115)] "Widgets refreshed ", source: ac://theme/default/js/ui.js (3115)
[1012/144759:INFO:CONSOLE(2114)] "assists set to: custom", source: ac://theme/default/js/ui.js (2114)
[1012/144801:INFO:CONSOLE(3115)] "Widgets refreshed ", source: ac://theme/default/js/ui.js (3115)
[1012/144801:INFO:CONSOLE(2089)] "assists set to: pro", source: ac://theme/default/js/ui.js (2089)
[1012/144804:INFO:CONSOLE(3115)] "Widgets refreshed ", source: ac://theme/default/js/ui.js (3115)
[1012/144804:INFO:CONSOLE(2114)] "assists set to: custom", source: ac://theme/default/js/ui.js (2114)
[1012/144805:INFO:CONSOLE(3115)] "Widgets refreshed ", source: ac://theme/default/js/ui.js (3115)
[1012/144805:INFO:CONSOLE(2089)] "assists set to: pro", source: ac://theme/default/js/ui.js (2089)
[1012/144809:INFO:CONSOLE(3115)] "Widgets refreshed ", source: ac://theme/default/js/ui.js (3115)
[1012/144809:INFO:CONSOLE(2114)] "assists set to: custom", source: ac://theme/default/js/ui.js (2114)
[1012/144813:INFO:CONSOLE(3115)] "Widgets refreshed ", source: ac://theme/default/js/ui.js (3115)
[1012/144813:INFO:CONSOLE(2089)] "assists set to: pro", source: ac://theme/default/js/ui.js (2089)
[1012/144815:INFO:CONSOLE(3115)] "Widgets refreshed ", source: ac://theme/default/js/ui.js (3115)
[1012/144815:INFO:CONSOLE(2102)] "assists set to: racer", source: ac://theme/default/js/ui.js (2102)
[1012/144817:INFO:CONSOLE(3115)] "Widgets refreshed ", source: ac://theme/default/js/ui.js (3115)
[1012/144817:INFO:CONSOLE(2102)] "assists set to: gamer", source: ac://theme/default/js/ui.js (2102)
[1012/144818:INFO:CONSOLE(3115)] "Widgets refreshed ", source: ac://theme/default/js/ui.js (3115)
[1012/144818:INFO:CONSOLE(2114)] "assists set to: custom", source: ac://theme/default/js/ui.js (2114)
[1012/144822:INFO:CONSOLE(3115)] "Widgets refreshed ", source: ac://theme/default/js/ui.js (3115)
[1012/144822:INFO:CONSOLE(2089)] "assists set to: pro", source: ac://theme/default/js/ui.js (2089)
[1012/144825:INFO:CONSOLE(3115)] "Widgets refreshed ", source: ac://theme/default/js/ui.js (3115)
[1012/144825:INFO:CONSOLE(2114)] "assists set to: custom", source: ac://theme/default/js/ui.js (2114)
[1012/144828:INFO:CONSOLE(3115)] "Widgets refreshed ", source: ac://theme/default/js/ui.js (3115)
[1012/144828:INFO:CONSOLE(2089)] "assists set to: pro", source: ac://theme/default/js/ui.js (2089)
[1012/144829:INFO:CONSOLE(3115)] "Widgets refreshed ", source: ac://theme/default/js/ui.js (3115)
[1012/144829:INFO:CONSOLE(2114)] "assists set to: custom", source: ac://theme/default/js/ui.js (2114)
[1012/144854:INFO:CONSOLE(810)] "startrace clicked", source: ac://theme/default/js/ui.js (810)
[1012/144856:INFO:CONSOLE(1220)] "s:ac://start/?timelimit=0&model=ks_mclaren_650_gt3&track=monza&skin=00_racing_59", source: ac://theme/default/js/ui.js (1220)
[1012/144856:INFO:CONSOLE(2235)] "window blurred", source: ac://theme/default/js/ui.js (2235)
[1012/144857:INFO:CONSOLE(1386)] "AC active", source: ac://theme/default/js/ui.js (1386)
[1012/144932:INFO:CONSOLE(1381)] ">>> Intro Event", source: ac://theme/default/js/ui.js (1381)
[1012/144932:INFO:CONSOLE(1544)] "Exit requested by host window", source: ac://theme/default/js/ui.js (1544)
[1012/144934:INFO:CONSOLE(1400)] "AC stopped", source: ac://theme/default/js/ui.js (1400)
[1012/144934:INFO:CONSOLE(4386)] "Returned from session", source: ac://theme/default/js/ui.js (4386)
[1012/144934:INFO:CONSOLE(3115)] "Widgets refreshed ", source: ac://theme/default/js/ui.js (3115)
[1012/144934:INFO:CONSOLE(628)] "UIResults refreshing", source:  (628)
[1012/144934:INFO:CONSOLE(113)] "Limiting results for 1 to 0", source:  (113)
[1012/144934:INFO:CONSOLE(128)] "Processing event: 0", source:  (128)
[1012/144934:INFO:CONSOLE(141)] ">>> UIResults session read:", source:  (141)
[1012/144934:INFO:CONSOLE(645)] "UIResults populateresult: false", source:  (645)
[1012/144934:INFO:CONSOLE(666)] ">>> UIResults Registered last event: 1697122173621", source:  (666)
[1012/144934:INFO:CONSOLE(1578)] "Displaying results", source: ac://theme/default/js/ui.js (1578)
[1012/144934:INFO:CONSOLE(687)] ">>> UIResults, invalid: true populateresult:false", source:  (687)
[1012/144934:INFO:CONSOLE(693)] "Invalid results", source:  (693)
[1012/144934:INFO:CONSOLE(279)] "replays: 0 loaded", source: ac://js/__AC.js (279)
[1012/144934:INFO:CONSOLE(2225)] "window focused", source: ac://theme/default/js/ui.js (2225)
[1012/144938:INFO:CONSOLE(810)] "startrace clicked", source: ac://theme/default/js/ui.js (810)
[1012/144939:INFO:CONSOLE(2235)] "window blurred", source: ac://theme/default/js/ui.js (2235)
[1012/144940:INFO:CONSOLE(1220)] "s:ac://start/?timelimit=0&model=ks_mclaren_650_gt3&track=monza&skin=00_racing_59", source: ac://theme/default/js/ui.js (1220)
[1012/144940:INFO:CONSOLE(1386)] "AC active", source: ac://theme/default/js/ui.js (1386)
[1012/160240:INFO:CONSOLE(1400)] "AC stopped", source: ac://theme/default/js/ui.js (1400)
[1012/160240:INFO:CONSOLE(4386)] "Returned from session", source: ac://theme/default/js/ui.js (4386)
[1012/160240:INFO:CONSOLE(3115)] "Widgets refreshed ", source: ac://theme/default/js/ui.js (3115)
[1012/160240:INFO:CONSOLE(628)] "UIResults refreshing", source:  (628)
[1012/160240:INFO:CONSOLE(113)] "Limiting results for 1 to 0", source:  (113)
[1012/160240:INFO:CONSOLE(128)] "Processing event: 0", source:  (128)
[1012/160240:INFO:CONSOLE(141)] ">>> UIResults session read:", source:  (141)
[1012/160240:INFO:CONSOLE(645)] "UIResults populateresult: true", source:  (645)
[1012/160240:INFO:CONSOLE(666)] ">>> UIResults Registered last event: 1697126558984", source:  (666)
[1012/160240:INFO:CONSOLE(1578)] "Displaying results", source: ac://theme/default/js/ui.js (1578)
[1012/160240:INFO:CONSOLE(687)] ">>> UIResults, invalid: false populateresult:true", source:  (687)
[1012/160240:INFO:CONSOLE(279)] "replays: 1 loaded", source: ac://js/__AC.js (279)
[1012/160240:INFO:CONSOLE(146)] ">>> UIPbManager new pb for ks_mclaren_650_gt3@monza: 127097", source:  (146)
[1012/160242:INFO:CONSOLE(190)] ">>> UIPbManager", source:  (190)
[1012/160242:INFO:CONSOLE(687)] "updating pb list", source:  (687)
[1012/160242:INFO:CONSOLE(707)] ">>> UIPbManager refreshing PB grid", source:  (707)
[1012/160242:INFO:CONSOLE(2225)] "window focused", source: ac://theme/default/js/ui.js (2225)
[1012/160242:INFO:CONSOLE(88)] "Combo change - PB loading for:ks_mclaren_650_gt3 @ monza", source:  (88)
[1012/160243:INFO:CONSOLE(70)] "Updating personalbest.ini", source:  (70)
[1012/160245:INFO:CONSOLE(2235)] "window blurred", source: ac://theme/default/js/ui.js (2235)
[1012/160248:INFO:CONSOLE(2225)] "window focused", source: ac://theme/default/js/ui.js (2225)
[1012/160256:INFO:CONSOLE(279)] "replays: 2 loaded", source: ac://js/__AC.js (279)
[1012/160300:INFO:CONSOLE(515)] "Stats db connection closed.", source: ac://js/__ACClasses.js (515)
[1012/160300:INFO:CONSOLE(78)] "Updating personalbest.ini", source:  (78)
[1012/160300:INFO:CONSOLE(5217)] "Exiting", source: ac://theme/default/js/ui.js (5217)
[1012/160300:INFO:CONSOLE(2235)] "window blurred", source: ac://theme/default/js/ui.js (2235)
[1012/160305:INFO:CONSOLE(515)] "Stats db connection closed.", source: ac://js/__ACClasses.js (515)
[1012/160305:INFO:CONSOLE(78)] "Updating personalbest.ini", source:  (78)
